PLUMED: PLUMED is starting
PLUMED: Version: 2.5.0-dev (git: 555afd304) compiled on Aug  1 2018 at 12:21:45
PLUMED: Please cite this paper when using PLUMED [1]
PLUMED: For further information see the PLUMED web page at http://www.plumed.org
PLUMED: Root: /users/piaggip/bin/DAINT/PLUMED/plumed-fork/
PLUMED: For installed feature, see /users/piaggip/bin/DAINT/PLUMED/plumed-fork//src/config/config.txt
PLUMED: Molecular dynamics engine: LAMMPS
PLUMED: Precision of reals: 8
PLUMED: Running over 10 nodes
PLUMED: Number of threads: 1
PLUMED: Cache line size: 512
PLUMED: Number of atoms: 250
PLUMED: File suffix: 
PLUMED: FILE: plumed.dat
PLUMED: Action RESTART
PLUMED:   with label @0
PLUMED:   MD code didn't require restart
PLUMED:   Switching on restart
PLUMED:   Restarting simulation: files will be appended
PLUMED: Action UNITS
PLUMED:   with label @1
PLUMED:   length: A
PLUMED:   energy: kj/mol
PLUMED:   time: ps
PLUMED:   charge: e
PLUMED:   mass: amu
PLUMED:   using physical units
PLUMED:   inside PLUMED, Boltzmann constant is 0.008314
PLUMED: Action ENERGY
PLUMED:   with label energy
PLUMED:   Bibliography [2][3]
PLUMED: Action INTENSITYNAC
PLUMED:   with label sf
PLUMED: Calculation of structure function of Q from 0 to 1. 
PLUMED:   added component to this action:  sf.SF[0] 
PLUMED:   between two groups of 250 and 0 atoms
PLUMED:   first group:
PLUMED:   1  2  3  4  5  6  7  8  9  10  11  12  13  14  15  16  17  18  19  20  21  22  23  24  
PLUMED:   25  26  27  28  29  30  31  32  33  34  35  36  37  38  39  40  41  42  43  44  45  46  47  48  49  
PLUMED:   50  51  52  53  54  55  56  57  58  59  60  61  62  63  64  65  66  67  68  69  70  71  72  73  74  
PLUMED:   75  76  77  78  79  80  81  82  83  84  85  86  87  88  89  90  91  92  93  94  95  96  97  98  99  
PLUMED:   100  101  102  103  104  105  106  107  108  109  110  111  112  113  114  115  116  117  118  119  120  121  122  123  124  
PLUMED:   125  126  127  128  129  130  131  132  133  134  135  136  137  138  139  140  141  142  143  144  145  146  147  148  149  
PLUMED:   150  151  152  153  154  155  156  157  158  159  160  161  162  163  164  165  166  167  168  169  170  171  172  173  174  
PLUMED:   175  176  177  178  179  180  181  182  183  184  185  186  187  188  189  190  191  192  193  194  195  196  197  198  199  
PLUMED:   200  201  202  203  204  205  206  207  208  209  210  211  212  213  214  215  216  217  218  219  220  221  222  223  224  
PLUMED:   225  226  227  228  229  230  231  232  233  234  235  236  237  238  239  240  241  242  243  244  245  246  247  248  249  
PLUMED:   250  
PLUMED:   second group:
PLUMED:   
PLUMED:   using periodic boundary conditions
PLUMED: Integration in the interval from 0. to 11.000000 nm. 
PLUMED: Action BF_LEGENDRE
PLUMED:   with label bf1
PLUMED:   One-dimensional basis set
PLUMED:    Description: Legendre polynomials
PLUMED:    Type: Legendre
PLUMED:    Order of basis set: 20
PLUMED:    Number of basis functions: 21
PLUMED:    Interval of basis set: -25000 to -23500
PLUMED:    Description of basis functions:
PLUMED:      0            L0(s)
PLUMED:      1            L1(s)
PLUMED:      2            L2(s)
PLUMED:      3            L3(s)
PLUMED:      4            L4(s)
PLUMED:      5            L5(s)
PLUMED:      6            L6(s)
PLUMED:      7            L7(s)
PLUMED:      8            L8(s)
PLUMED:      9            L9(s)
PLUMED:     10           L10(s)
PLUMED:     11           L11(s)
PLUMED:     12           L12(s)
PLUMED:     13           L13(s)
PLUMED:     14           L14(s)
PLUMED:     15           L15(s)
PLUMED:     16           L16(s)
PLUMED:     17           L17(s)
PLUMED:     18           L18(s)
PLUMED:     19           L19(s)
PLUMED:     20           L20(s)
PLUMED: Action TD_MULTICANONICAL
PLUMED:   with label td_multi
PLUMED:   Multicanonical target distribution
PLUMED: Action VES_LINEAR_EXPANSION
PLUMED:   with label b1
PLUMED:   with arguments energy
PLUMED:   added component to this action:  b1.bias 
PLUMED:   VES bias, please read and cite [4]
PLUMED:   KbT: 4.157231
PLUMED:   using target distribution of type TD_MULTICANONICAL with label td_multi 
PLUMED:   added component to this action:  b1.force2 
PLUMED: Action OPT_DUMMY
PLUMED:   with label o1
PLUMED:   with stride 500
PLUMED:   optimizing VES bias VES_LINEAR_EXPANSION with label b1: 
PLUMED:    KbT: 4.157231
PLUMED:   number of coefficients: 21
PLUMED:   Read in coefficents from file coeffs.data (read 21 of 21 values)
PLUMED:   Optimization restarted at iteration 10000
PLUMED:   Coefficients will be written out to file coeffs.data every 10 iterations
PLUMED:   Output Components:
PLUMED:    fake optimizer that does not update coefficients
PLUMED:   can be used to monitor gradient and Hessian for debugging purposes
PLUMED: Action PRINT
PLUMED:   with label @8
PLUMED:   with stride 500
PLUMED:   with arguments energy sf.SF[0] b1.bias b1.force2
PLUMED:   on file COLVAR
PLUMED:   with format  %f
PLUMED: END FILE: plumed.dat
PLUMED: Timestep: 0.002000
PLUMED: KbT has not been set by the MD engine
PLUMED: It should be set by hand where needed
PLUMED: Relevant bibliography:
PLUMED:   [1] Tribello, Bonomi, Branduardi, Camilloni, and Bussi, Comput. Phys. Commun. 185, 604 (2014)
PLUMED:   [2] Bartels and Karplus, J. Phys. Chem. B 102, 865 (1998)
PLUMED:   [3] Bonomi and Parrinello, J. Comp. Chem. 30, 1615 (2009)
PLUMED:   [4] Valsson and Parrinello, Phys. Rev. Lett. 113, 090601 (2014)
PLUMED: Please read and cite where appropriate!
PLUMED: Finished setup
PLUMED:                                               Cycles        Total      Average      Minumum      Maximum
PLUMED:                                                    1   634.609570   634.609570   634.609570   634.609570
PLUMED: 1 Prepare dependencies                      20000001     8.785534     0.000000     0.000000     0.000048
PLUMED: 2 Sharing data                              20000001     4.359788     0.000000     0.000000     0.000116
PLUMED: 3 Waiting for data                          20000001    58.030087     0.000003     0.000002     0.000067
PLUMED: 4 Calculating (forward loop)                20000001   338.782806     0.000017     0.000013     0.001297
PLUMED: 5 Applying (backward loop)                  20000001   109.114400     0.000005     0.000001     0.000099
PLUMED: 6 Update                                    20000001     3.718994     0.000000     0.000000     0.041203
